app/build/intermediates/manifest_merge_blame_file/debug/manifest-merger-blame-debug-report.txt
1<?xml version="1.0" encoding="utf-8"?>
2<manifest xmlns:android="http://schemas.android.com/apk/res/android"
3    package="com.example.storytime"
4    android:versionCode="1"
5    android:versionName="1.0" >
6
7    <uses-sdk
8        android:minSdkVersion="21"
8-->src/main/AndroidManifest.xml
9        android:targetSdkVersion="30" />
9-->src/main/AndroidManifest.xml
10
11    <uses-permission android:name="android.permission.INTERNET" />
11-->src/main/AndroidManifest.xml:5:5-67
11-->src/main/AndroidManifest.xml:5:22-64
12
13    <application
13-->src/main/AndroidManifest.xml:7:5-30:19
14        android:allowBackup="true"
14-->src/main/AndroidManifest.xml:8:9-35
15        android:appComponentFactory="androidx.core.app.CoreComponentFactory"
15-->[androidx.core:core:1.3.2] AndroidManifest.xml:24:18-86
16        android:debuggable="true"
17        android:icon="@mipmap/ic_launcher"
17-->src/main/AndroidManifest.xml:9:9-43
18        android:label="@string/app_name"
18-->src/main/AndroidManifest.xml:10:9-41
19        android:roundIcon="@mipmap/ic_launcher_round"
19-->src/main/AndroidManifest.xml:11:9-54
20        android:supportsRtl="true"
20-->src/main/AndroidManifest.xml:12:9-35
21        android:testOnly="true"
22        android:theme="@style/Theme.StoryTime" >
22-->src/main/AndroidManifest.xml:13:9-47
23        <activity
23-->src/main/AndroidManifest.xml:14:9-15:51
24            android:name="com.example.storytime.MainActivity"
24-->src/main/AndroidManifest.xml:14:19-47
25            android:theme="@style/appBackground" />
25-->src/main/AndroidManifest.xml:15:13-49
26        <activity
26-->src/main/AndroidManifest.xml:16:9-25:20
27            android:name="com.example.storytime.LoginScreen"
27-->src/main/AndroidManifest.xml:17:13-40
28            android:screenOrientation="portrait"
28-->src/main/AndroidManifest.xml:18:13-49
29            android:theme="@style/appBackground" >
29-->src/main/AndroidManifest.xml:19:13-49
30            <intent-filter>
30-->src/main/AndroidManifest.xml:20:13-24:29
31                <action android:name="android.intent.action.MAIN" />
31-->src/main/AndroidManifest.xml:21:17-69
31-->src/main/AndroidManifest.xml:21:25-66
32
33                <category android:name="android.intent.category.LAUNCHER" />
33-->src/main/AndroidManifest.xml:23:17-77
33-->src/main/AndroidManifest.xml:23:27-74
34            </intent-filter>
35        </activity>
36        <activity
36-->src/main/AndroidManifest.xml:26:9-29:52
37            android:name="com.example.storytime.CreateAccount"
37-->src/main/AndroidManifest.xml:27:13-42
38            android:screenOrientation="portrait"
38-->src/main/AndroidManifest.xml:28:13-49
39            android:theme="@style/appBackground" />
39-->src/main/AndroidManifest.xml:29:13-49
40    </application>
41
42</manifest>